Thu Feb 22 17:16:40 CET 2018 INFO net.vpc.app.nuts.DefaultNutsBootWorkspace: Loading Nuts ClassWorld from [file:/home/vpc/.m2/repository/net/vpc/app/nuts/nuts-core/0.3.8.0/nuts-core-0.3.8.0.jar, file:/home/vpc/.m2/repository/net/vpc/app/nuts/nuts/0.3.8/nuts-0.3.8.jar, file:/home/vpc/.m2/repository/javax/servlet/javax.servlet-api/3.1.0/javax.servlet-api-3.1.0.jar, file:/home/vpc/.m2/repository/org/jline/jline/3.5.2/jline-3.5.2.jar, file:/home/vpc/.m2/repository/org/ow2/asm/asm/5.2/asm-5.2.jar, file:/home/vpc/.nuts/bootstrap/net/vpc/common/java-shell/0.5/java-shell-0.5.jar, file:/home/vpc/.m2/repository/org/glassfish/javax.json/1.0.4/javax.json-1.0.4.jar]
Thu Feb 22 17:16:41 CET 2018 FINER net.vpc.app.nuts.extensions.core.DefaultNutsWorkspaceObjectFactory: Registering interface net.vpc.app.nuts.NutsTransportComponent for impl type net.vpc.app.nuts.extensions.core.DefaultHttpTransportComponent
Thu Feb 22 17:16:41 CET 2018 FINER net.vpc.app.nuts.extensions.core.DefaultNutsWorkspaceObjectFactory: Registering interface net.vpc.app.nuts.NutsWorkspace for impl type net.vpc.app.nuts.extensions.core.DefaultNutsWorkspace
Thu Feb 22 17:16:41 CET 2018 FINER net.vpc.app.nuts.extensions.core.DefaultNutsWorkspaceObjectFactory: Registering interface net.vpc.app.nuts.NutsRepositoryFactoryComponent for impl type net.vpc.app.nuts.extensions.repos.DefaultNutsRepositoryFactoryComponent
Thu Feb 22 17:16:41 CET 2018 FINER net.vpc.app.nuts.extensions.core.DefaultNutsWorkspaceObjectFactory: Registering interface net.vpc.app.nuts.NutsRepositoryFactoryComponent for impl type net.vpc.app.nuts.extensions.repos.DefaultNutsRemoteRepositoryFactoryComponent
Thu Feb 22 17:16:41 CET 2018 FINER net.vpc.app.nuts.extensions.core.DefaultNutsWorkspaceObjectFactory: Registering interface net.vpc.app.nuts.NutsTerminal for impl type net.vpc.app.nuts.extensions.terminals.DefaultNutsTerminal
Thu Feb 22 17:16:41 CET 2018 FINER net.vpc.app.nuts.extensions.core.DefaultNutsWorkspaceObjectFactory: Registering interface net.vpc.app.nuts.NutsTerminal for impl type net.vpc.app.nuts.extensions.terminals.NutsJLineTerminal
Thu Feb 22 17:16:41 CET 2018 FINER net.vpc.app.nuts.extensions.core.DefaultNutsWorkspaceObjectFactory: Registering class net.vpc.app.nuts.NutsPrintStream for impl type net.vpc.app.nuts.extensions.terminals.NutsAnsiUnixTermPrintStream
Thu Feb 22 17:16:41 CET 2018 FINER net.vpc.app.nuts.extensions.core.DefaultNutsWorkspaceObjectFactory: Registering class net.vpc.app.nuts.NutsPrintStream for impl type net.vpc.app.nuts.extensions.terminals.DefaultNutsPrintStream
Thu Feb 22 17:16:41 CET 2018 FINER net.vpc.app.nuts.extensions.core.DefaultNutsWorkspaceObjectFactory: Registering interface net.vpc.app.nuts.NutsWorkspaceArchetypeComponent for impl type net.vpc.app.nuts.extensions.archetypes.ServerNutsWorkspaceArchetypeComponent
Thu Feb 22 17:16:41 CET 2018 FINER net.vpc.app.nuts.extensions.core.DefaultNutsWorkspaceObjectFactory: Registering interface net.vpc.app.nuts.NutsWorkspaceArchetypeComponent for impl type net.vpc.app.nuts.extensions.archetypes.MinimalNutsWorkspaceArchetypeComponent
Thu Feb 22 17:16:41 CET 2018 FINER net.vpc.app.nuts.extensions.core.DefaultNutsWorkspaceObjectFactory: Registering interface net.vpc.app.nuts.NutsWorkspaceArchetypeComponent for impl type net.vpc.app.nuts.extensions.archetypes.DefaultNutsWorkspaceArchetypeComponent
Thu Feb 22 17:16:41 CET 2018 FINER net.vpc.app.nuts.extensions.core.DefaultNutsWorkspaceObjectFactory: Registering interface net.vpc.app.nuts.NutsServerComponent for impl type net.vpc.app.nuts.extensions.servers.NutsHttpServerComponent
Thu Feb 22 17:16:41 CET 2018 FINER net.vpc.app.nuts.extensions.core.DefaultNutsWorkspaceObjectFactory: Registering interface net.vpc.app.nuts.NutsServerComponent for impl type net.vpc.app.nuts.extensions.servers.NutsAdminServerComponent
Thu Feb 22 17:16:41 CET 2018 FINER net.vpc.app.nuts.extensions.core.DefaultNutsWorkspaceObjectFactory: Registering interface net.vpc.app.nuts.NutsInstallerComponent for impl type net.vpc.app.nuts.extensions.installers.ZipNutsInstallerComponent
Thu Feb 22 17:16:41 CET 2018 FINER net.vpc.app.nuts.extensions.core.DefaultNutsWorkspaceObjectFactory: Registering interface net.vpc.app.nuts.NutsDescriptorContentParserComponent for impl type net.vpc.app.nuts.extensions.parsers.BashNutsDescriptorContentParserComponent
Thu Feb 22 17:16:41 CET 2018 FINER net.vpc.app.nuts.extensions.core.DefaultNutsWorkspaceObjectFactory: Registering interface net.vpc.app.nuts.NutsDescriptorContentParserComponent for impl type net.vpc.app.nuts.extensions.parsers.ZipNutsDescriptorContentParserComponent
Thu Feb 22 17:16:41 CET 2018 FINER net.vpc.app.nuts.extensions.core.DefaultNutsWorkspaceObjectFactory: Registering interface net.vpc.app.nuts.NutsDescriptorContentParserComponent for impl type net.vpc.app.nuts.extensions.parsers.JarNutsDescriptorContentParserComponent
Thu Feb 22 17:16:41 CET 2018 FINER net.vpc.app.nuts.extensions.core.DefaultNutsWorkspaceObjectFactory: Registering interface net.vpc.app.nuts.NutsDescriptorContentParserComponent for impl type net.vpc.app.nuts.extensions.parsers.NutsShellDescriptorContentParserComponent
Thu Feb 22 17:16:41 CET 2018 FINER net.vpc.app.nuts.extensions.core.DefaultNutsWorkspaceObjectFactory: Registering interface net.vpc.app.nuts.NutsExecutorComponent for impl type net.vpc.app.nuts.extensions.executors.JavaNutsExecutorComponent
Thu Feb 22 17:16:41 CET 2018 FINER net.vpc.app.nuts.extensions.core.DefaultNutsWorkspaceObjectFactory: Registering interface net.vpc.app.nuts.NutsExecutorComponent for impl type net.vpc.app.nuts.extensions.executors.NutsShellNutsExecutorComponent
Thu Feb 22 17:16:41 CET 2018 FINER net.vpc.app.nuts.extensions.core.DefaultNutsWorkspaceObjectFactory: Registering interface net.vpc.app.nuts.NutsExecutorComponent for impl type net.vpc.app.nuts.extensions.executors.ProcessNutsExecutorComponent
Thu Feb 22 17:16:41 CET 2018 FINER net.vpc.app.nuts.extensions.core.DefaultNutsWorkspaceObjectFactory: Registering interface net.vpc.app.nuts.NutsCommand for impl type net.vpc.app.nuts.extensions.cmd.ServerCommand
Thu Feb 22 17:16:41 CET 2018 FINER net.vpc.app.nuts.extensions.core.DefaultNutsWorkspaceObjectFactory: Registering interface net.vpc.app.nuts.NutsCommand for impl type net.vpc.app.nuts.extensions.cmd.ConfigCommand
Thu Feb 22 17:16:41 CET 2018 FINER net.vpc.app.nuts.extensions.core.DefaultNutsWorkspaceObjectFactory: Registering interface net.vpc.app.nuts.NutsCommand for impl type net.vpc.app.nuts.extensions.cmd.ConnectCommand
Thu Feb 22 17:16:41 CET 2018 FINER net.vpc.app.nuts.extensions.core.DefaultNutsWorkspaceObjectFactory: Registering interface net.vpc.app.nuts.NutsCommand for impl type net.vpc.app.nuts.extensions.cmd.ConsoleCommand
Thu Feb 22 17:16:41 CET 2018 FINER net.vpc.app.nuts.extensions.core.DefaultNutsWorkspaceObjectFactory: Registering interface net.vpc.app.nuts.NutsCommand for impl type net.vpc.app.nuts.extensions.cmd.DeployCommand
Thu Feb 22 17:16:41 CET 2018 FINER net.vpc.app.nuts.extensions.core.DefaultNutsWorkspaceObjectFactory: Registering interface net.vpc.app.nuts.NutsCommand for impl type net.vpc.app.nuts.extensions.cmd.ExecCommand
Thu Feb 22 17:16:41 CET 2018 FINER net.vpc.app.nuts.extensions.core.DefaultNutsWorkspaceObjectFactory: Registering interface net.vpc.app.nuts.NutsCommand for impl type net.vpc.app.nuts.extensions.cmd.FindCommand
Thu Feb 22 17:16:41 CET 2018 FINER net.vpc.app.nuts.extensions.core.DefaultNutsWorkspaceObjectFactory: Registering interface net.vpc.app.nuts.NutsCommand for impl type net.vpc.app.nuts.extensions.cmd.VersionCommand
Thu Feb 22 17:16:41 CET 2018 FINER net.vpc.app.nuts.extensions.core.DefaultNutsWorkspaceObjectFactory: Registering interface net.vpc.app.nuts.NutsCommand for impl type net.vpc.app.nuts.extensions.cmd.HelpCommand
Thu Feb 22 17:16:41 CET 2018 FINER net.vpc.app.nuts.extensions.core.DefaultNutsWorkspaceObjectFactory: Registering interface net.vpc.app.nuts.NutsCommand for impl type net.vpc.app.nuts.extensions.cmd.InstallCommand
Thu Feb 22 17:16:41 CET 2018 FINER net.vpc.app.nuts.extensions.core.DefaultNutsWorkspaceObjectFactory: Registering interface net.vpc.app.nuts.NutsCommand for impl type net.vpc.app.nuts.extensions.cmd.FetchCommand
Thu Feb 22 17:16:41 CET 2018 FINER net.vpc.app.nuts.extensions.core.DefaultNutsWorkspaceObjectFactory: Registering interface net.vpc.app.nuts.NutsCommand for impl type net.vpc.app.nuts.extensions.cmd.UninstallCommand
Thu Feb 22 17:16:41 CET 2018 FINER net.vpc.app.nuts.extensions.core.DefaultNutsWorkspaceObjectFactory: Registering interface net.vpc.app.nuts.NutsCommand for impl type net.vpc.app.nuts.extensions.cmd.LoginCommand
Thu Feb 22 17:16:41 CET 2018 FINER net.vpc.app.nuts.extensions.core.DefaultNutsWorkspaceObjectFactory: Registering interface net.vpc.app.nuts.NutsCommand for impl type net.vpc.app.nuts.extensions.cmd.LogoutCommand
Thu Feb 22 17:16:41 CET 2018 FINER net.vpc.app.nuts.extensions.core.DefaultNutsWorkspaceObjectFactory: Registering interface net.vpc.app.nuts.NutsCommand for impl type net.vpc.app.nuts.extensions.cmd.PushCommand
Thu Feb 22 17:16:41 CET 2018 FINER net.vpc.app.nuts.extensions.core.DefaultNutsWorkspaceObjectFactory: Registering interface net.vpc.app.nuts.NutsCommand for impl type net.vpc.app.nuts.extensions.cmd.UpdateCommand
Thu Feb 22 17:16:41 CET 2018 FINER net.vpc.app.nuts.extensions.core.DefaultNutsWorkspaceObjectFactory: Registering interface net.vpc.app.nuts.NutsCommand for impl type net.vpc.app.nuts.extensions.cmd.WhichCommand
Thu Feb 22 17:16:41 CET 2018 FINER net.vpc.app.nuts.extensions.core.DefaultNutsWorkspaceObjectFactory: Registering interface net.vpc.app.nuts.NutsCommand for impl type net.vpc.app.nuts.extensions.cmd.WhoCommand
Thu Feb 22 17:16:41 CET 2018 FINER net.vpc.app.nuts.extensions.core.DefaultNutsWorkspaceObjectFactory: Registering interface net.vpc.app.nuts.NutsCommand for impl type net.vpc.app.nuts.extensions.cmd.EchoCommand
Thu Feb 22 17:16:41 CET 2018 FINER net.vpc.app.nuts.extensions.core.DefaultNutsWorkspaceObjectFactory: Registering interface net.vpc.app.nuts.NutsCommand for impl type net.vpc.app.nuts.extensions.cmd.LsCommand
Thu Feb 22 17:16:41 CET 2018 FINER net.vpc.app.nuts.extensions.core.DefaultNutsWorkspaceObjectFactory: Registering interface net.vpc.app.nuts.NutsCommand for impl type net.vpc.app.nuts.extensions.cmd.CdCommand
Thu Feb 22 17:16:41 CET 2018 FINER net.vpc.app.nuts.extensions.core.DefaultNutsWorkspaceObjectFactory: Registering interface net.vpc.app.nuts.NutsCommand for impl type net.vpc.app.nuts.extensions.cmd.UnameCommand
Thu Feb 22 17:16:41 CET 2018 FINER net.vpc.app.nuts.extensions.core.DefaultNutsWorkspaceObjectFactory: Registering interface net.vpc.app.nuts.NutsCommand for impl type net.vpc.app.nuts.extensions.cmd.CheckoutCommand
Thu Feb 22 17:16:41 CET 2018 FINER net.vpc.app.nuts.extensions.core.DefaultNutsWorkspaceObjectFactory: Registering interface net.vpc.app.nuts.NutsCommand for impl type net.vpc.app.nuts.extensions.cmd.CommitCommand
Thu Feb 22 17:16:41 CET 2018 FINER net.vpc.app.nuts.extensions.core.DefaultNutsWorkspaceObjectFactory: Registering interface net.vpc.app.nuts.NutsConsole for impl type net.vpc.app.nuts.extensions.cmd.DefaultNutsConsole
Thu Feb 22 17:16:41 CET 2018 FINER net.vpc.app.nuts.extensions.core.DefaultNutsWorkspaceObjectFactory: Registering interface net.vpc.app.nuts.NutsRepositoryFactoryComponent for impl type net.vpc.app.nuts.bridges.maven.MavenNutsRepositoryFactoryComponent
Thu Feb 22 17:16:41 CET 2018 FINER net.vpc.app.nuts.extensions.core.DefaultNutsWorkspaceObjectFactory: Resolve interface net.vpc.app.nuts.NutsTerminal to prototype instance net.vpc.app.nuts.extensions.terminals.DefaultNutsTerminal
Thu Feb 22 17:16:41 CET 2018 FINER net.vpc.app.nuts.extensions.core.DefaultNutsWorkspaceObjectFactory: Resolve interface net.vpc.app.nuts.NutsTerminal to prototype instance net.vpc.app.nuts.extensions.terminals.NutsJLineTerminal
Thu Feb 22 17:16:41 CET 2018 FINER net.vpc.app.nuts.extensions.core.DefaultNutsWorkspaceObjectFactory: Resolve class net.vpc.app.nuts.NutsPrintStream to prototype instance net.vpc.app.nuts.extensions.terminals.NutsAnsiUnixTermPrintStream
Thu Feb 22 17:16:41 CET 2018 FINER net.vpc.app.nuts.extensions.core.DefaultNutsWorkspaceObjectFactory: Resolve class net.vpc.app.nuts.NutsPrintStream to prototype instance net.vpc.app.nuts.extensions.terminals.DefaultNutsPrintStream
Thu Feb 22 17:16:41 CET 2018 FINER net.vpc.app.nuts.extensions.core.DefaultNutsWorkspaceObjectFactory: Resolve class net.vpc.app.nuts.NutsPrintStream to prototype instance net.vpc.app.nuts.extensions.terminals.NutsAnsiUnixTermPrintStream
Thu Feb 22 17:16:41 CET 2018 FINER net.vpc.app.nuts.extensions.core.DefaultNutsWorkspaceObjectFactory: Resolve class net.vpc.app.nuts.NutsPrintStream to prototype instance net.vpc.app.nuts.extensions.terminals.DefaultNutsPrintStream
Thu Feb 22 17:16:41 CET 2018 FINER net.vpc.app.nuts.extensions.core.DefaultNutsWorkspaceObjectFactory: Resolve interface net.vpc.app.nuts.NutsRepositoryFactoryComponent to singleton instance net.vpc.app.nuts.extensions.repos.DefaultNutsRepositoryFactoryComponent
Thu Feb 22 17:16:41 CET 2018 FINER net.vpc.app.nuts.extensions.core.DefaultNutsWorkspaceObjectFactory: Resolve interface net.vpc.app.nuts.NutsRepositoryFactoryComponent to singleton instance net.vpc.app.nuts.extensions.repos.DefaultNutsRemoteRepositoryFactoryComponent
Thu Feb 22 17:16:41 CET 2018 FINER net.vpc.app.nuts.extensions.core.DefaultNutsWorkspaceObjectFactory: Resolve interface net.vpc.app.nuts.NutsRepositoryFactoryComponent to singleton instance net.vpc.app.nuts.bridges.maven.MavenNutsRepositoryFactoryComponent
Thu Feb 22 17:16:50 CET 2018 FINE net.vpc.app.nuts.DefaultNutsBootWorkspace: Bootstrap loaded in8319ms
Thu Feb 22 17:17:10 CET 2018 FINER net.vpc.app.nuts.extensions.core.DefaultNutsWorkspaceObjectFactory: Resolve interface net.vpc.app.nuts.NutsTerminal to prototype instance net.vpc.app.nuts.extensions.terminals.DefaultNutsTerminal
Thu Feb 22 17:17:10 CET 2018 FINER net.vpc.app.nuts.extensions.core.DefaultNutsWorkspaceObjectFactory: Resolve interface net.vpc.app.nuts.NutsTerminal to prototype instance net.vpc.app.nuts.extensions.terminals.NutsJLineTerminal
Thu Feb 22 17:17:10 CET 2018 FINER net.vpc.app.nuts.extensions.core.DefaultNutsWorkspaceObjectFactory: Resolve class net.vpc.app.nuts.NutsPrintStream to prototype instance net.vpc.app.nuts.extensions.terminals.NutsAnsiUnixTermPrintStream
Thu Feb 22 17:17:10 CET 2018 FINER net.vpc.app.nuts.extensions.core.DefaultNutsWorkspaceObjectFactory: Resolve class net.vpc.app.nuts.NutsPrintStream to prototype instance net.vpc.app.nuts.extensions.terminals.DefaultNutsPrintStream
Thu Feb 22 17:17:10 CET 2018 FINER net.vpc.app.nuts.extensions.core.DefaultNutsWorkspaceObjectFactory: Resolve class net.vpc.app.nuts.NutsPrintStream to prototype instance net.vpc.app.nuts.extensions.terminals.NutsAnsiUnixTermPrintStream
Thu Feb 22 17:17:10 CET 2018 FINER net.vpc.app.nuts.extensions.core.DefaultNutsWorkspaceObjectFactory: Resolve class net.vpc.app.nuts.NutsPrintStream to prototype instance net.vpc.app.nuts.extensions.terminals.DefaultNutsPrintStream
Thu Feb 22 17:17:18 CET 2018 FINER net.vpc.app.nuts.extensions.core.DefaultNutsWorkspaceObjectFactory: Resolve interface net.vpc.app.nuts.NutsConsole to prototype instance net.vpc.app.nuts.extensions.cmd.DefaultNutsConsole
Thu Feb 22 17:17:18 CET 2018 FINE net.vpc.app.nuts.extensions.cmd.DefaultNutsConsole: Installing Command : env
Thu Feb 22 17:17:18 CET 2018 FINE net.vpc.app.nuts.extensions.cmd.DefaultNutsConsole: Installing Command : alias
Thu Feb 22 17:17:18 CET 2018 FINE net.vpc.app.nuts.extensions.cmd.DefaultNutsConsole: Installing Command : exit
Thu Feb 22 17:17:18 CET 2018 FINE net.vpc.app.nuts.extensions.cmd.DefaultNutsConsole: Installing Command : props
Thu Feb 22 17:17:18 CET 2018 FINE net.vpc.app.nuts.extensions.cmd.DefaultNutsConsole: Installing Command : set
Thu Feb 22 17:17:18 CET 2018 FINE net.vpc.app.nuts.extensions.cmd.DefaultNutsConsole: Installing Command : setprop
Thu Feb 22 17:17:18 CET 2018 FINE net.vpc.app.nuts.extensions.cmd.DefaultNutsConsole: Installing Command : showerr
Thu Feb 22 17:17:18 CET 2018 FINE net.vpc.app.nuts.extensions.cmd.DefaultNutsConsole: Installing Command : unset
Thu Feb 22 17:17:18 CET 2018 FINE net.vpc.app.nuts.extensions.cmd.DefaultNutsConsole: Installing Command : unalias
Thu Feb 22 17:17:18 CET 2018 FINE net.vpc.app.nuts.extensions.cmd.DefaultNutsConsole: Installing Command : unexport
Thu Feb 22 17:17:18 CET 2018 FINE net.vpc.app.nuts.extensions.cmd.DefaultNutsConsole: Installing Command : type
Thu Feb 22 17:17:18 CET 2018 FINE net.vpc.app.nuts.extensions.cmd.DefaultNutsConsole: Installing Command : source
Thu Feb 22 17:17:18 CET 2018 FINE net.vpc.app.nuts.extensions.cmd.DefaultNutsConsole: Installing Command : pwd
Thu Feb 22 17:17:18 CET 2018 FINER net.vpc.app.nuts.extensions.core.DefaultNutsWorkspaceObjectFactory: Resolve interface net.vpc.app.nuts.NutsCommand to singleton instance net.vpc.app.nuts.extensions.cmd.ServerCommand
Thu Feb 22 17:17:18 CET 2018 FINER net.vpc.app.nuts.extensions.core.DefaultNutsWorkspaceObjectFactory: Resolve interface net.vpc.app.nuts.NutsCommand to singleton instance net.vpc.app.nuts.extensions.cmd.ConfigCommand
Thu Feb 22 17:17:18 CET 2018 FINER net.vpc.app.nuts.extensions.core.DefaultNutsWorkspaceObjectFactory: Resolve interface net.vpc.app.nuts.NutsCommand to singleton instance net.vpc.app.nuts.extensions.cmd.ConnectCommand
Thu Feb 22 17:17:18 CET 2018 FINER net.vpc.app.nuts.extensions.core.DefaultNutsWorkspaceObjectFactory: Resolve interface net.vpc.app.nuts.NutsCommand to singleton instance net.vpc.app.nuts.extensions.cmd.ConsoleCommand
Thu Feb 22 17:17:18 CET 2018 FINER net.vpc.app.nuts.extensions.core.DefaultNutsWorkspaceObjectFactory: Resolve interface net.vpc.app.nuts.NutsCommand to singleton instance net.vpc.app.nuts.extensions.cmd.DeployCommand
Thu Feb 22 17:17:18 CET 2018 FINER net.vpc.app.nuts.extensions.core.DefaultNutsWorkspaceObjectFactory: Resolve interface net.vpc.app.nuts.NutsCommand to singleton instance net.vpc.app.nuts.extensions.cmd.ExecCommand
Thu Feb 22 17:17:18 CET 2018 FINER net.vpc.app.nuts.extensions.core.DefaultNutsWorkspaceObjectFactory: Resolve interface net.vpc.app.nuts.NutsCommand to singleton instance net.vpc.app.nuts.extensions.cmd.FindCommand
Thu Feb 22 17:17:18 CET 2018 FINER net.vpc.app.nuts.extensions.core.DefaultNutsWorkspaceObjectFactory: Resolve interface net.vpc.app.nuts.NutsCommand to singleton instance net.vpc.app.nuts.extensions.cmd.VersionCommand
Thu Feb 22 17:17:18 CET 2018 FINER net.vpc.app.nuts.extensions.core.DefaultNutsWorkspaceObjectFactory: Resolve interface net.vpc.app.nuts.NutsCommand to singleton instance net.vpc.app.nuts.extensions.cmd.HelpCommand
Thu Feb 22 17:17:18 CET 2018 FINER net.vpc.app.nuts.extensions.core.DefaultNutsWorkspaceObjectFactory: Resolve interface net.vpc.app.nuts.NutsCommand to singleton instance net.vpc.app.nuts.extensions.cmd.InstallCommand
Thu Feb 22 17:17:18 CET 2018 FINER net.vpc.app.nuts.extensions.core.DefaultNutsWorkspaceObjectFactory: Resolve interface net.vpc.app.nuts.NutsCommand to singleton instance net.vpc.app.nuts.extensions.cmd.FetchCommand
Thu Feb 22 17:17:18 CET 2018 FINER net.vpc.app.nuts.extensions.core.DefaultNutsWorkspaceObjectFactory: Resolve interface net.vpc.app.nuts.NutsCommand to singleton instance net.vpc.app.nuts.extensions.cmd.UninstallCommand
Thu Feb 22 17:17:18 CET 2018 FINER net.vpc.app.nuts.extensions.core.DefaultNutsWorkspaceObjectFactory: Resolve interface net.vpc.app.nuts.NutsCommand to singleton instance net.vpc.app.nuts.extensions.cmd.LoginCommand
Thu Feb 22 17:17:18 CET 2018 FINER net.vpc.app.nuts.extensions.core.DefaultNutsWorkspaceObjectFactory: Resolve interface net.vpc.app.nuts.NutsCommand to singleton instance net.vpc.app.nuts.extensions.cmd.LogoutCommand
Thu Feb 22 17:17:18 CET 2018 FINER net.vpc.app.nuts.extensions.core.DefaultNutsWorkspaceObjectFactory: Resolve interface net.vpc.app.nuts.NutsCommand to singleton instance net.vpc.app.nuts.extensions.cmd.PushCommand
Thu Feb 22 17:17:18 CET 2018 FINER net.vpc.app.nuts.extensions.core.DefaultNutsWorkspaceObjectFactory: Resolve interface net.vpc.app.nuts.NutsCommand to singleton instance net.vpc.app.nuts.extensions.cmd.UpdateCommand
Thu Feb 22 17:17:18 CET 2018 FINER net.vpc.app.nuts.extensions.core.DefaultNutsWorkspaceObjectFactory: Resolve interface net.vpc.app.nuts.NutsCommand to singleton instance net.vpc.app.nuts.extensions.cmd.WhichCommand
Thu Feb 22 17:17:18 CET 2018 FINER net.vpc.app.nuts.extensions.core.DefaultNutsWorkspaceObjectFactory: Resolve interface net.vpc.app.nuts.NutsCommand to singleton instance net.vpc.app.nuts.extensions.cmd.WhoCommand
Thu Feb 22 17:17:18 CET 2018 FINER net.vpc.app.nuts.extensions.core.DefaultNutsWorkspaceObjectFactory: Resolve interface net.vpc.app.nuts.NutsCommand to singleton instance net.vpc.app.nuts.extensions.cmd.EchoCommand
Thu Feb 22 17:17:18 CET 2018 FINER net.vpc.app.nuts.extensions.core.DefaultNutsWorkspaceObjectFactory: Resolve interface net.vpc.app.nuts.NutsCommand to singleton instance net.vpc.app.nuts.extensions.cmd.LsCommand
Thu Feb 22 17:17:18 CET 2018 FINER net.vpc.app.nuts.extensions.core.DefaultNutsWorkspaceObjectFactory: Resolve interface net.vpc.app.nuts.NutsCommand to singleton instance net.vpc.app.nuts.extensions.cmd.CdCommand
Thu Feb 22 17:17:18 CET 2018 FINER net.vpc.app.nuts.extensions.core.DefaultNutsWorkspaceObjectFactory: Resolve interface net.vpc.app.nuts.NutsCommand to singleton instance net.vpc.app.nuts.extensions.cmd.UnameCommand
Thu Feb 22 17:17:18 CET 2018 FINER net.vpc.app.nuts.extensions.core.DefaultNutsWorkspaceObjectFactory: Resolve interface net.vpc.app.nuts.NutsCommand to singleton instance net.vpc.app.nuts.extensions.cmd.CheckoutCommand
Thu Feb 22 17:17:18 CET 2018 FINER net.vpc.app.nuts.extensions.core.DefaultNutsWorkspaceObjectFactory: Resolve interface net.vpc.app.nuts.NutsCommand to singleton instance net.vpc.app.nuts.extensions.cmd.CommitCommand
Thu Feb 22 17:17:18 CET 2018 FINE net.vpc.app.nuts.extensions.cmd.DefaultNutsConsole: Installing Command : server
Thu Feb 22 17:17:18 CET 2018 FINE net.vpc.app.nuts.extensions.cmd.DefaultNutsConsole: Installing Command : config
Thu Feb 22 17:17:18 CET 2018 FINE net.vpc.app.nuts.extensions.cmd.DefaultNutsConsole: Installing Command : connect
Thu Feb 22 17:17:18 CET 2018 FINE net.vpc.app.nuts.extensions.cmd.DefaultNutsConsole: Installing Command : console
Thu Feb 22 17:17:18 CET 2018 FINE net.vpc.app.nuts.extensions.cmd.DefaultNutsConsole: Installing Command : deploy
Thu Feb 22 17:17:18 CET 2018 FINE net.vpc.app.nuts.extensions.cmd.DefaultNutsConsole: Installing Command : exec
Thu Feb 22 17:17:18 CET 2018 FINE net.vpc.app.nuts.extensions.cmd.DefaultNutsConsole: Installing Command : find
Thu Feb 22 17:17:18 CET 2018 FINE net.vpc.app.nuts.extensions.cmd.DefaultNutsConsole: Installing Command : version
Thu Feb 22 17:17:18 CET 2018 FINE net.vpc.app.nuts.extensions.cmd.DefaultNutsConsole: Installing Command : help
Thu Feb 22 17:17:18 CET 2018 FINE net.vpc.app.nuts.extensions.cmd.DefaultNutsConsole: Installing Command : install
Thu Feb 22 17:17:18 CET 2018 FINE net.vpc.app.nuts.extensions.cmd.DefaultNutsConsole: Installing Command : fetch
Thu Feb 22 17:17:18 CET 2018 FINE net.vpc.app.nuts.extensions.cmd.DefaultNutsConsole: Installing Command : uninstall
Thu Feb 22 17:17:18 CET 2018 FINE net.vpc.app.nuts.extensions.cmd.DefaultNutsConsole: Installing Command : login
Thu Feb 22 17:17:18 CET 2018 FINE net.vpc.app.nuts.extensions.cmd.DefaultNutsConsole: Installing Command : logout
Thu Feb 22 17:17:18 CET 2018 FINE net.vpc.app.nuts.extensions.cmd.DefaultNutsConsole: Installing Command : push
Thu Feb 22 17:17:18 CET 2018 FINE net.vpc.app.nuts.extensions.cmd.DefaultNutsConsole: Installing Command : update
Thu Feb 22 17:17:18 CET 2018 FINE net.vpc.app.nuts.extensions.cmd.DefaultNutsConsole: Installing Command : which
Thu Feb 22 17:17:18 CET 2018 FINE net.vpc.app.nuts.extensions.cmd.DefaultNutsConsole: Installing Command : who
Thu Feb 22 17:17:18 CET 2018 FINE net.vpc.app.nuts.extensions.cmd.DefaultNutsConsole: Installing Command : echo
Thu Feb 22 17:17:18 CET 2018 FINE net.vpc.app.nuts.extensions.cmd.DefaultNutsConsole: Installing Command : ls
Thu Feb 22 17:17:18 CET 2018 FINE net.vpc.app.nuts.extensions.cmd.DefaultNutsConsole: Installing Command : cd
Thu Feb 22 17:17:18 CET 2018 FINE net.vpc.app.nuts.extensions.cmd.DefaultNutsConsole: Installing Command : uname
Thu Feb 22 17:17:18 CET 2018 FINE net.vpc.app.nuts.extensions.cmd.DefaultNutsConsole: Installing Command : checkout
Thu Feb 22 17:17:18 CET 2018 FINE net.vpc.app.nuts.extensions.cmd.DefaultNutsConsole: Installing Command : commit
Thu Feb 22 17:17:58 CET 2018 INFO net.vpc.app.nuts.DefaultNutsBootWorkspace: Loading Nuts ClassWorld from [file:/home/vpc/.m2/repository/net/vpc/app/nuts/nuts-core/0.3.8.0/nuts-core-0.3.8.0.jar, file:/home/vpc/.m2/repository/net/vpc/app/nuts/nuts/0.3.8/nuts-0.3.8.jar, file:/home/vpc/.m2/repository/javax/servlet/javax.servlet-api/3.1.0/javax.servlet-api-3.1.0.jar, file:/home/vpc/.m2/repository/org/jline/jline/3.5.2/jline-3.5.2.jar, file:/home/vpc/.m2/repository/org/ow2/asm/asm/5.2/asm-5.2.jar, file:/home/vpc/.nuts/bootstrap/net/vpc/common/java-shell/0.5/java-shell-0.5.jar, file:/home/vpc/.m2/repository/org/glassfish/javax.json/1.0.4/javax.json-1.0.4.jar]
Thu Feb 22 17:17:58 CET 2018 FINER net.vpc.app.nuts.extensions.core.DefaultNutsWorkspaceObjectFactory: Registering interface net.vpc.app.nuts.NutsTransportComponent for impl type net.vpc.app.nuts.extensions.core.DefaultHttpTransportComponent
Thu Feb 22 17:17:58 CET 2018 FINER net.vpc.app.nuts.extensions.core.DefaultNutsWorkspaceObjectFactory: Registering interface net.vpc.app.nuts.NutsWorkspace for impl type net.vpc.app.nuts.extensions.core.DefaultNutsWorkspace
Thu Feb 22 17:17:58 CET 2018 FINER net.vpc.app.nuts.extensions.core.DefaultNutsWorkspaceObjectFactory: Registering interface net.vpc.app.nuts.NutsRepositoryFactoryComponent for impl type net.vpc.app.nuts.extensions.repos.DefaultNutsRepositoryFactoryComponent
Thu Feb 22 17:17:58 CET 2018 FINER net.vpc.app.nuts.extensions.core.DefaultNutsWorkspaceObjectFactory: Registering interface net.vpc.app.nuts.NutsRepositoryFactoryComponent for impl type net.vpc.app.nuts.extensions.repos.DefaultNutsRemoteRepositoryFactoryComponent
Thu Feb 22 17:17:58 CET 2018 FINER net.vpc.app.nuts.extensions.core.DefaultNutsWorkspaceObjectFactory: Registering interface net.vpc.app.nuts.NutsTerminal for impl type net.vpc.app.nuts.extensions.terminals.DefaultNutsTerminal
Thu Feb 22 17:17:58 CET 2018 FINER net.vpc.app.nuts.extensions.core.DefaultNutsWorkspaceObjectFactory: Registering interface net.vpc.app.nuts.NutsTerminal for impl type net.vpc.app.nuts.extensions.terminals.NutsJLineTerminal
Thu Feb 22 17:17:58 CET 2018 FINER net.vpc.app.nuts.extensions.core.DefaultNutsWorkspaceObjectFactory: Registering class net.vpc.app.nuts.NutsPrintStream for impl type net.vpc.app.nuts.extensions.terminals.NutsAnsiUnixTermPrintStream
Thu Feb 22 17:17:58 CET 2018 FINER net.vpc.app.nuts.extensions.core.DefaultNutsWorkspaceObjectFactory: Registering class net.vpc.app.nuts.NutsPrintStream for impl type net.vpc.app.nuts.extensions.terminals.DefaultNutsPrintStream
Thu Feb 22 17:17:58 CET 2018 FINER net.vpc.app.nuts.extensions.core.DefaultNutsWorkspaceObjectFactory: Registering interface net.vpc.app.nuts.NutsWorkspaceArchetypeComponent for impl type net.vpc.app.nuts.extensions.archetypes.ServerNutsWorkspaceArchetypeComponent
Thu Feb 22 17:17:58 CET 2018 FINER net.vpc.app.nuts.extensions.core.DefaultNutsWorkspaceObjectFactory: Registering interface net.vpc.app.nuts.NutsWorkspaceArchetypeComponent for impl type net.vpc.app.nuts.extensions.archetypes.MinimalNutsWorkspaceArchetypeComponent
Thu Feb 22 17:17:58 CET 2018 FINER net.vpc.app.nuts.extensions.core.DefaultNutsWorkspaceObjectFactory: Registering interface net.vpc.app.nuts.NutsWorkspaceArchetypeComponent for impl type net.vpc.app.nuts.extensions.archetypes.DefaultNutsWorkspaceArchetypeComponent
Thu Feb 22 17:17:58 CET 2018 FINER net.vpc.app.nuts.extensions.core.DefaultNutsWorkspaceObjectFactory: Registering interface net.vpc.app.nuts.NutsServerComponent for impl type net.vpc.app.nuts.extensions.servers.NutsHttpServerComponent
Thu Feb 22 17:17:58 CET 2018 FINER net.vpc.app.nuts.extensions.core.DefaultNutsWorkspaceObjectFactory: Registering interface net.vpc.app.nuts.NutsServerComponent for impl type net.vpc.app.nuts.extensions.servers.NutsAdminServerComponent
Thu Feb 22 17:17:58 CET 2018 FINER net.vpc.app.nuts.extensions.core.DefaultNutsWorkspaceObjectFactory: Registering interface net.vpc.app.nuts.NutsInstallerComponent for impl type net.vpc.app.nuts.extensions.installers.ZipNutsInstallerComponent
Thu Feb 22 17:17:58 CET 2018 FINER net.vpc.app.nuts.extensions.core.DefaultNutsWorkspaceObjectFactory: Registering interface net.vpc.app.nuts.NutsDescriptorContentParserComponent for impl type net.vpc.app.nuts.extensions.parsers.BashNutsDescriptorContentParserComponent
Thu Feb 22 17:17:58 CET 2018 FINER net.vpc.app.nuts.extensions.core.DefaultNutsWorkspaceObjectFactory: Registering interface net.vpc.app.nuts.NutsDescriptorContentParserComponent for impl type net.vpc.app.nuts.extensions.parsers.ZipNutsDescriptorContentParserComponent
Thu Feb 22 17:17:58 CET 2018 FINER net.vpc.app.nuts.extensions.core.DefaultNutsWorkspaceObjectFactory: Registering interface net.vpc.app.nuts.NutsDescriptorContentParserComponent for impl type net.vpc.app.nuts.extensions.parsers.JarNutsDescriptorContentParserComponent
Thu Feb 22 17:17:58 CET 2018 FINER net.vpc.app.nuts.extensions.core.DefaultNutsWorkspaceObjectFactory: Registering interface net.vpc.app.nuts.NutsDescriptorContentParserComponent for impl type net.vpc.app.nuts.extensions.parsers.NutsShellDescriptorContentParserComponent
Thu Feb 22 17:17:58 CET 2018 FINER net.vpc.app.nuts.extensions.core.DefaultNutsWorkspaceObjectFactory: Registering interface net.vpc.app.nuts.NutsExecutorComponent for impl type net.vpc.app.nuts.extensions.executors.JavaNutsExecutorComponent
Thu Feb 22 17:17:58 CET 2018 FINER net.vpc.app.nuts.extensions.core.DefaultNutsWorkspaceObjectFactory: Registering interface net.vpc.app.nuts.NutsExecutorComponent for impl type net.vpc.app.nuts.extensions.executors.NutsShellNutsExecutorComponent
Thu Feb 22 17:17:58 CET 2018 FINER net.vpc.app.nuts.extensions.core.DefaultNutsWorkspaceObjectFactory: Registering interface net.vpc.app.nuts.NutsExecutorComponent for impl type net.vpc.app.nuts.extensions.executors.ProcessNutsExecutorComponent
Thu Feb 22 17:17:58 CET 2018 FINER net.vpc.app.nuts.extensions.core.DefaultNutsWorkspaceObjectFactory: Registering interface net.vpc.app.nuts.NutsCommand for impl type net.vpc.app.nuts.extensions.cmd.ServerCommand
Thu Feb 22 17:17:58 CET 2018 FINER net.vpc.app.nuts.extensions.core.DefaultNutsWorkspaceObjectFactory: Registering interface net.vpc.app.nuts.NutsCommand for impl type net.vpc.app.nuts.extensions.cmd.ConfigCommand
Thu Feb 22 17:17:58 CET 2018 FINER net.vpc.app.nuts.extensions.core.DefaultNutsWorkspaceObjectFactory: Registering interface net.vpc.app.nuts.NutsCommand for impl type net.vpc.app.nuts.extensions.cmd.ConnectCommand
Thu Feb 22 17:17:58 CET 2018 FINER net.vpc.app.nuts.extensions.core.DefaultNutsWorkspaceObjectFactory: Registering interface net.vpc.app.nuts.NutsCommand for impl type net.vpc.app.nuts.extensions.cmd.ConsoleCommand
Thu Feb 22 17:17:58 CET 2018 FINER net.vpc.app.nuts.extensions.core.DefaultNutsWorkspaceObjectFactory: Registering interface net.vpc.app.nuts.NutsCommand for impl type net.vpc.app.nuts.extensions.cmd.DeployCommand
Thu Feb 22 17:17:58 CET 2018 FINER net.vpc.app.nuts.extensions.core.DefaultNutsWorkspaceObjectFactory: Registering interface net.vpc.app.nuts.NutsCommand for impl type net.vpc.app.nuts.extensions.cmd.ExecCommand
Thu Feb 22 17:17:58 CET 2018 FINER net.vpc.app.nuts.extensions.core.DefaultNutsWorkspaceObjectFactory: Registering interface net.vpc.app.nuts.NutsCommand for impl type net.vpc.app.nuts.extensions.cmd.FindCommand
Thu Feb 22 17:17:58 CET 2018 FINER net.vpc.app.nuts.extensions.core.DefaultNutsWorkspaceObjectFactory: Registering interface net.vpc.app.nuts.NutsCommand for impl type net.vpc.app.nuts.extensions.cmd.VersionCommand
Thu Feb 22 17:17:58 CET 2018 FINER net.vpc.app.nuts.extensions.core.DefaultNutsWorkspaceObjectFactory: Registering interface net.vpc.app.nuts.NutsCommand for impl type net.vpc.app.nuts.extensions.cmd.HelpCommand
Thu Feb 22 17:17:58 CET 2018 FINER net.vpc.app.nuts.extensions.core.DefaultNutsWorkspaceObjectFactory: Registering interface net.vpc.app.nuts.NutsCommand for impl type net.vpc.app.nuts.extensions.cmd.InstallCommand
Thu Feb 22 17:17:58 CET 2018 FINER net.vpc.app.nuts.extensions.core.DefaultNutsWorkspaceObjectFactory: Registering interface net.vpc.app.nuts.NutsCommand for impl type net.vpc.app.nuts.extensions.cmd.FetchCommand
Thu Feb 22 17:17:58 CET 2018 FINER net.vpc.app.nuts.extensions.core.DefaultNutsWorkspaceObjectFactory: Registering interface net.vpc.app.nuts.NutsCommand for impl type net.vpc.app.nuts.extensions.cmd.UninstallCommand
Thu Feb 22 17:17:58 CET 2018 FINER net.vpc.app.nuts.extensions.core.DefaultNutsWorkspaceObjectFactory: Registering interface net.vpc.app.nuts.NutsCommand for impl type net.vpc.app.nuts.extensions.cmd.LoginCommand
Thu Feb 22 17:17:58 CET 2018 FINER net.vpc.app.nuts.extensions.core.DefaultNutsWorkspaceObjectFactory: Registering interface net.vpc.app.nuts.NutsCommand for impl type net.vpc.app.nuts.extensions.cmd.LogoutCommand
Thu Feb 22 17:17:58 CET 2018 FINER net.vpc.app.nuts.extensions.core.DefaultNutsWorkspaceObjectFactory: Registering interface net.vpc.app.nuts.NutsCommand for impl type net.vpc.app.nuts.extensions.cmd.PushCommand
Thu Feb 22 17:17:58 CET 2018 FINER net.vpc.app.nuts.extensions.core.DefaultNutsWorkspaceObjectFactory: Registering interface net.vpc.app.nuts.NutsCommand for impl type net.vpc.app.nuts.extensions.cmd.UpdateCommand
Thu Feb 22 17:17:58 CET 2018 FINER net.vpc.app.nuts.extensions.core.DefaultNutsWorkspaceObjectFactory: Registering interface net.vpc.app.nuts.NutsCommand for impl type net.vpc.app.nuts.extensions.cmd.WhichCommand
Thu Feb 22 17:17:58 CET 2018 FINER net.vpc.app.nuts.extensions.core.DefaultNutsWorkspaceObjectFactory: Registering interface net.vpc.app.nuts.NutsCommand for impl type net.vpc.app.nuts.extensions.cmd.WhoCommand
Thu Feb 22 17:17:58 CET 2018 FINER net.vpc.app.nuts.extensions.core.DefaultNutsWorkspaceObjectFactory: Registering interface net.vpc.app.nuts.NutsCommand for impl type net.vpc.app.nuts.extensions.cmd.EchoCommand
Thu Feb 22 17:17:58 CET 2018 FINER net.vpc.app.nuts.extensions.core.DefaultNutsWorkspaceObjectFactory: Registering interface net.vpc.app.nuts.NutsCommand for impl type net.vpc.app.nuts.extensions.cmd.LsCommand
Thu Feb 22 17:17:58 CET 2018 FINER net.vpc.app.nuts.extensions.core.DefaultNutsWorkspaceObjectFactory: Registering interface net.vpc.app.nuts.NutsCommand for impl type net.vpc.app.nuts.extensions.cmd.CdCommand
Thu Feb 22 17:17:58 CET 2018 FINER net.vpc.app.nuts.extensions.core.DefaultNutsWorkspaceObjectFactory: Registering interface net.vpc.app.nuts.NutsCommand for impl type net.vpc.app.nuts.extensions.cmd.UnameCommand
Thu Feb 22 17:17:58 CET 2018 FINER net.vpc.app.nuts.extensions.core.DefaultNutsWorkspaceObjectFactory: Registering interface net.vpc.app.nuts.NutsCommand for impl type net.vpc.app.nuts.extensions.cmd.CheckoutCommand
Thu Feb 22 17:17:58 CET 2018 FINER net.vpc.app.nuts.extensions.core.DefaultNutsWorkspaceObjectFactory: Registering interface net.vpc.app.nuts.NutsCommand for impl type net.vpc.app.nuts.extensions.cmd.CommitCommand
Thu Feb 22 17:17:58 CET 2018 FINER net.vpc.app.nuts.extensions.core.DefaultNutsWorkspaceObjectFactory: Registering interface net.vpc.app.nuts.NutsConsole for impl type net.vpc.app.nuts.extensions.cmd.DefaultNutsConsole
Thu Feb 22 17:17:58 CET 2018 FINER net.vpc.app.nuts.extensions.core.DefaultNutsWorkspaceObjectFactory: Registering interface net.vpc.app.nuts.NutsRepositoryFactoryComponent for impl type net.vpc.app.nuts.bridges.maven.MavenNutsRepositoryFactoryComponent
Thu Feb 22 17:17:58 CET 2018 FINER net.vpc.app.nuts.extensions.core.DefaultNutsWorkspaceObjectFactory: Resolve interface net.vpc.app.nuts.NutsTerminal to prototype instance net.vpc.app.nuts.extensions.terminals.DefaultNutsTerminal
Thu Feb 22 17:17:58 CET 2018 FINER net.vpc.app.nuts.extensions.core.DefaultNutsWorkspaceObjectFactory: Resolve interface net.vpc.app.nuts.NutsTerminal to prototype instance net.vpc.app.nuts.extensions.terminals.NutsJLineTerminal
Thu Feb 22 17:17:58 CET 2018 FINER net.vpc.app.nuts.extensions.core.DefaultNutsWorkspaceObjectFactory: Resolve class net.vpc.app.nuts.NutsPrintStream to prototype instance net.vpc.app.nuts.extensions.terminals.NutsAnsiUnixTermPrintStream
Thu Feb 22 17:17:58 CET 2018 FINER net.vpc.app.nuts.extensions.core.DefaultNutsWorkspaceObjectFactory: Resolve class net.vpc.app.nuts.NutsPrintStream to prototype instance net.vpc.app.nuts.extensions.terminals.DefaultNutsPrintStream
Thu Feb 22 17:17:58 CET 2018 FINER net.vpc.app.nuts.extensions.core.DefaultNutsWorkspaceObjectFactory: Resolve class net.vpc.app.nuts.NutsPrintStream to prototype instance net.vpc.app.nuts.extensions.terminals.NutsAnsiUnixTermPrintStream
Thu Feb 22 17:17:58 CET 2018 FINER net.vpc.app.nuts.extensions.core.DefaultNutsWorkspaceObjectFactory: Resolve class net.vpc.app.nuts.NutsPrintStream to prototype instance net.vpc.app.nuts.extensions.terminals.DefaultNutsPrintStream
Thu Feb 22 17:17:58 CET 2018 FINER net.vpc.app.nuts.extensions.core.DefaultNutsWorkspaceObjectFactory: Resolve interface net.vpc.app.nuts.NutsRepositoryFactoryComponent to singleton instance net.vpc.app.nuts.extensions.repos.DefaultNutsRepositoryFactoryComponent
Thu Feb 22 17:17:58 CET 2018 FINER net.vpc.app.nuts.extensions.core.DefaultNutsWorkspaceObjectFactory: Resolve interface net.vpc.app.nuts.NutsRepositoryFactoryComponent to singleton instance net.vpc.app.nuts.extensions.repos.DefaultNutsRemoteRepositoryFactoryComponent
Thu Feb 22 17:17:58 CET 2018 FINER net.vpc.app.nuts.extensions.core.DefaultNutsWorkspaceObjectFactory: Resolve interface net.vpc.app.nuts.NutsRepositoryFactoryComponent to singleton instance net.vpc.app.nuts.bridges.maven.MavenNutsRepositoryFactoryComponent
Thu Feb 22 17:18:28 CET 2018 INFO net.vpc.app.nuts.DefaultNutsBootWorkspace: Loading Nuts ClassWorld from [file:/home/vpc/.m2/repository/net/vpc/app/nuts/nuts-core/0.3.8.0/nuts-core-0.3.8.0.jar, file:/home/vpc/.m2/repository/net/vpc/app/nuts/nuts/0.3.8/nuts-0.3.8.jar, file:/home/vpc/.m2/repository/javax/servlet/javax.servlet-api/3.1.0/javax.servlet-api-3.1.0.jar, file:/home/vpc/.m2/repository/org/jline/jline/3.5.2/jline-3.5.2.jar, file:/home/vpc/.m2/repository/org/ow2/asm/asm/5.2/asm-5.2.jar, file:/home/vpc/.nuts/bootstrap/net/vpc/common/java-shell/0.5/java-shell-0.5.jar, file:/home/vpc/.m2/repository/org/glassfish/javax.json/1.0.4/javax.json-1.0.4.jar]
Thu Feb 22 17:18:29 CET 2018 FINER net.vpc.app.nuts.extensions.core.DefaultNutsWorkspaceObjectFactory: Registering interface net.vpc.app.nuts.NutsTransportComponent for impl type net.vpc.app.nuts.extensions.core.DefaultHttpTransportComponent
Thu Feb 22 17:18:29 CET 2018 FINER net.vpc.app.nuts.extensions.core.DefaultNutsWorkspaceObjectFactory: Registering interface net.vpc.app.nuts.NutsWorkspace for impl type net.vpc.app.nuts.extensions.core.DefaultNutsWorkspace
Thu Feb 22 17:18:29 CET 2018 FINER net.vpc.app.nuts.extensions.core.DefaultNutsWorkspaceObjectFactory: Registering interface net.vpc.app.nuts.NutsRepositoryFactoryComponent for impl type net.vpc.app.nuts.extensions.repos.DefaultNutsRepositoryFactoryComponent
Thu Feb 22 17:18:29 CET 2018 FINER net.vpc.app.nuts.extensions.core.DefaultNutsWorkspaceObjectFactory: Registering interface net.vpc.app.nuts.NutsRepositoryFactoryComponent for impl type net.vpc.app.nuts.extensions.repos.DefaultNutsRemoteRepositoryFactoryComponent
Thu Feb 22 17:18:29 CET 2018 FINER net.vpc.app.nuts.extensions.core.DefaultNutsWorkspaceObjectFactory: Registering interface net.vpc.app.nuts.NutsTerminal for impl type net.vpc.app.nuts.extensions.terminals.DefaultNutsTerminal
Thu Feb 22 17:18:29 CET 2018 FINER net.vpc.app.nuts.extensions.core.DefaultNutsWorkspaceObjectFactory: Registering interface net.vpc.app.nuts.NutsTerminal for impl type net.vpc.app.nuts.extensions.terminals.NutsJLineTerminal
Thu Feb 22 17:18:29 CET 2018 FINER net.vpc.app.nuts.extensions.core.DefaultNutsWorkspaceObjectFactory: Registering class net.vpc.app.nuts.NutsPrintStream for impl type net.vpc.app.nuts.extensions.terminals.NutsAnsiUnixTermPrintStream
Thu Feb 22 17:18:29 CET 2018 FINER net.vpc.app.nuts.extensions.core.DefaultNutsWorkspaceObjectFactory: Registering class net.vpc.app.nuts.NutsPrintStream for impl type net.vpc.app.nuts.extensions.terminals.DefaultNutsPrintStream
Thu Feb 22 17:18:29 CET 2018 FINER net.vpc.app.nuts.extensions.core.DefaultNutsWorkspaceObjectFactory: Registering interface net.vpc.app.nuts.NutsWorkspaceArchetypeComponent for impl type net.vpc.app.nuts.extensions.archetypes.ServerNutsWorkspaceArchetypeComponent
Thu Feb 22 17:18:29 CET 2018 FINER net.vpc.app.nuts.extensions.core.DefaultNutsWorkspaceObjectFactory: Registering interface net.vpc.app.nuts.NutsWorkspaceArchetypeComponent for impl type net.vpc.app.nuts.extensions.archetypes.MinimalNutsWorkspaceArchetypeComponent
Thu Feb 22 17:18:29 CET 2018 FINER net.vpc.app.nuts.extensions.core.DefaultNutsWorkspaceObjectFactory: Registering interface net.vpc.app.nuts.NutsWorkspaceArchetypeComponent for impl type net.vpc.app.nuts.extensions.archetypes.DefaultNutsWorkspaceArchetypeComponent
Thu Feb 22 17:18:29 CET 2018 FINER net.vpc.app.nuts.extensions.core.DefaultNutsWorkspaceObjectFactory: Registering interface net.vpc.app.nuts.NutsServerComponent for impl type net.vpc.app.nuts.extensions.servers.NutsHttpServerComponent
Thu Feb 22 17:18:29 CET 2018 FINER net.vpc.app.nuts.extensions.core.DefaultNutsWorkspaceObjectFactory: Registering interface net.vpc.app.nuts.NutsServerComponent for impl type net.vpc.app.nuts.extensions.servers.NutsAdminServerComponent
Thu Feb 22 17:18:29 CET 2018 FINER net.vpc.app.nuts.extensions.core.DefaultNutsWorkspaceObjectFactory: Registering interface net.vpc.app.nuts.NutsInstallerComponent for impl type net.vpc.app.nuts.extensions.installers.ZipNutsInstallerComponent
Thu Feb 22 17:18:29 CET 2018 FINER net.vpc.app.nuts.extensions.core.DefaultNutsWorkspaceObjectFactory: Registering interface net.vpc.app.nuts.NutsDescriptorContentParserComponent for impl type net.vpc.app.nuts.extensions.parsers.BashNutsDescriptorContentParserComponent
Thu Feb 22 17:18:29 CET 2018 FINER net.vpc.app.nuts.extensions.core.DefaultNutsWorkspaceObjectFactory: Registering interface net.vpc.app.nuts.NutsDescriptorContentParserComponent for impl type net.vpc.app.nuts.extensions.parsers.ZipNutsDescriptorContentParserComponent
Thu Feb 22 17:18:29 CET 2018 FINER net.vpc.app.nuts.extensions.core.DefaultNutsWorkspaceObjectFactory: Registering interface net.vpc.app.nuts.NutsDescriptorContentParserComponent for impl type net.vpc.app.nuts.extensions.parsers.JarNutsDescriptorContentParserComponent
Thu Feb 22 17:18:29 CET 2018 FINER net.vpc.app.nuts.extensions.core.DefaultNutsWorkspaceObjectFactory: Registering interface net.vpc.app.nuts.NutsDescriptorContentParserComponent for impl type net.vpc.app.nuts.extensions.parsers.NutsShellDescriptorContentParserComponent
Thu Feb 22 17:18:29 CET 2018 FINER net.vpc.app.nuts.extensions.core.DefaultNutsWorkspaceObjectFactory: Registering interface net.vpc.app.nuts.NutsExecutorComponent for impl type net.vpc.app.nuts.extensions.executors.JavaNutsExecutorComponent
Thu Feb 22 17:18:29 CET 2018 FINER net.vpc.app.nuts.extensions.core.DefaultNutsWorkspaceObjectFactory: Registering interface net.vpc.app.nuts.NutsExecutorComponent for impl type net.vpc.app.nuts.extensions.executors.NutsShellNutsExecutorComponent
Thu Feb 22 17:18:29 CET 2018 FINER net.vpc.app.nuts.extensions.core.DefaultNutsWorkspaceObjectFactory: Registering interface net.vpc.app.nuts.NutsExecutorComponent for impl type net.vpc.app.nuts.extensions.executors.ProcessNutsExecutorComponent
Thu Feb 22 17:18:29 CET 2018 FINER net.vpc.app.nuts.extensions.core.DefaultNutsWorkspaceObjectFactory: Registering interface net.vpc.app.nuts.NutsCommand for impl type net.vpc.app.nuts.extensions.cmd.ServerCommand
Thu Feb 22 17:18:29 CET 2018 FINER net.vpc.app.nuts.extensions.core.DefaultNutsWorkspaceObjectFactory: Registering interface net.vpc.app.nuts.NutsCommand for impl type net.vpc.app.nuts.extensions.cmd.ConfigCommand
Thu Feb 22 17:18:29 CET 2018 FINER net.vpc.app.nuts.extensions.core.DefaultNutsWorkspaceObjectFactory: Registering interface net.vpc.app.nuts.NutsCommand for impl type net.vpc.app.nuts.extensions.cmd.ConnectCommand
Thu Feb 22 17:18:29 CET 2018 FINER net.vpc.app.nuts.extensions.core.DefaultNutsWorkspaceObjectFactory: Registering interface net.vpc.app.nuts.NutsCommand for impl type net.vpc.app.nuts.extensions.cmd.ConsoleCommand
Thu Feb 22 17:18:29 CET 2018 FINER net.vpc.app.nuts.extensions.core.DefaultNutsWorkspaceObjectFactory: Registering interface net.vpc.app.nuts.NutsCommand for impl type net.vpc.app.nuts.extensions.cmd.DeployCommand
Thu Feb 22 17:18:29 CET 2018 FINER net.vpc.app.nuts.extensions.core.DefaultNutsWorkspaceObjectFactory: Registering interface net.vpc.app.nuts.NutsCommand for impl type net.vpc.app.nuts.extensions.cmd.ExecCommand
Thu Feb 22 17:18:29 CET 2018 FINER net.vpc.app.nuts.extensions.core.DefaultNutsWorkspaceObjectFactory: Registering interface net.vpc.app.nuts.NutsCommand for impl type net.vpc.app.nuts.extensions.cmd.FindCommand
Thu Feb 22 17:18:29 CET 2018 FINER net.vpc.app.nuts.extensions.core.DefaultNutsWorkspaceObjectFactory: Registering interface net.vpc.app.nuts.NutsCommand for impl type net.vpc.app.nuts.extensions.cmd.VersionCommand
Thu Feb 22 17:18:29 CET 2018 FINER net.vpc.app.nuts.extensions.core.DefaultNutsWorkspaceObjectFactory: Registering interface net.vpc.app.nuts.NutsCommand for impl type net.vpc.app.nuts.extensions.cmd.HelpCommand
Thu Feb 22 17:18:29 CET 2018 FINER net.vpc.app.nuts.extensions.core.DefaultNutsWorkspaceObjectFactory: Registering interface net.vpc.app.nuts.NutsCommand for impl type net.vpc.app.nuts.extensions.cmd.InstallCommand
Thu Feb 22 17:18:29 CET 2018 FINER net.vpc.app.nuts.extensions.core.DefaultNutsWorkspaceObjectFactory: Registering interface net.vpc.app.nuts.NutsCommand for impl type net.vpc.app.nuts.extensions.cmd.FetchCommand
Thu Feb 22 17:18:29 CET 2018 FINER net.vpc.app.nuts.extensions.core.DefaultNutsWorkspaceObjectFactory: Registering interface net.vpc.app.nuts.NutsCommand for impl type net.vpc.app.nuts.extensions.cmd.UninstallCommand
Thu Feb 22 17:18:29 CET 2018 FINER net.vpc.app.nuts.extensions.core.DefaultNutsWorkspaceObjectFactory: Registering interface net.vpc.app.nuts.NutsCommand for impl type net.vpc.app.nuts.extensions.cmd.LoginCommand
Thu Feb 22 17:18:29 CET 2018 FINER net.vpc.app.nuts.extensions.core.DefaultNutsWorkspaceObjectFactory: Registering interface net.vpc.app.nuts.NutsCommand for impl type net.vpc.app.nuts.extensions.cmd.LogoutCommand
Thu Feb 22 17:18:29 CET 2018 FINER net.vpc.app.nuts.extensions.core.DefaultNutsWorkspaceObjectFactory: Registering interface net.vpc.app.nuts.NutsCommand for impl type net.vpc.app.nuts.extensions.cmd.PushCommand
Thu Feb 22 17:18:29 CET 2018 FINER net.vpc.app.nuts.extensions.core.DefaultNutsWorkspaceObjectFactory: Registering interface net.vpc.app.nuts.NutsCommand for impl type net.vpc.app.nuts.extensions.cmd.UpdateCommand
Thu Feb 22 17:18:29 CET 2018 FINER net.vpc.app.nuts.extensions.core.DefaultNutsWorkspaceObjectFactory: Registering interface net.vpc.app.nuts.NutsCommand for impl type net.vpc.app.nuts.extensions.cmd.WhichCommand
Thu Feb 22 17:18:29 CET 2018 FINER net.vpc.app.nuts.extensions.core.DefaultNutsWorkspaceObjectFactory: Registering interface net.vpc.app.nuts.NutsCommand for impl type net.vpc.app.nuts.extensions.cmd.WhoCommand
Thu Feb 22 17:18:29 CET 2018 FINER net.vpc.app.nuts.extensions.core.DefaultNutsWorkspaceObjectFactory: Registering interface net.vpc.app.nuts.NutsCommand for impl type net.vpc.app.nuts.extensions.cmd.EchoCommand
Thu Feb 22 17:18:29 CET 2018 FINER net.vpc.app.nuts.extensions.core.DefaultNutsWorkspaceObjectFactory: Registering interface net.vpc.app.nuts.NutsCommand for impl type net.vpc.app.nuts.extensions.cmd.LsCommand
Thu Feb 22 17:18:29 CET 2018 FINER net.vpc.app.nuts.extensions.core.DefaultNutsWorkspaceObjectFactory: Registering interface net.vpc.app.nuts.NutsCommand for impl type net.vpc.app.nuts.extensions.cmd.CdCommand
Thu Feb 22 17:18:29 CET 2018 FINER net.vpc.app.nuts.extensions.core.DefaultNutsWorkspaceObjectFactory: Registering interface net.vpc.app.nuts.NutsCommand for impl type net.vpc.app.nuts.extensions.cmd.UnameCommand
Thu Feb 22 17:18:29 CET 2018 FINER net.vpc.app.nuts.extensions.core.DefaultNutsWorkspaceObjectFactory: Registering interface net.vpc.app.nuts.NutsCommand for impl type net.vpc.app.nuts.extensions.cmd.CheckoutCommand
Thu Feb 22 17:18:29 CET 2018 FINER net.vpc.app.nuts.extensions.core.DefaultNutsWorkspaceObjectFactory: Registering interface net.vpc.app.nuts.NutsCommand for impl type net.vpc.app.nuts.extensions.cmd.CommitCommand
Thu Feb 22 17:18:29 CET 2018 FINER net.vpc.app.nuts.extensions.core.DefaultNutsWorkspaceObjectFactory: Registering interface net.vpc.app.nuts.NutsConsole for impl type net.vpc.app.nuts.extensions.cmd.DefaultNutsConsole
Thu Feb 22 17:18:29 CET 2018 FINER net.vpc.app.nuts.extensions.core.DefaultNutsWorkspaceObjectFactory: Registering interface net.vpc.app.nuts.NutsRepositoryFactoryComponent for impl type net.vpc.app.nuts.bridges.maven.MavenNutsRepositoryFactoryComponent
Thu Feb 22 17:18:29 CET 2018 FINER net.vpc.app.nuts.extensions.core.DefaultNutsWorkspaceObjectFactory: Resolve interface net.vpc.app.nuts.NutsTerminal to prototype instance net.vpc.app.nuts.extensions.terminals.DefaultNutsTerminal
Thu Feb 22 17:18:29 CET 2018 FINER net.vpc.app.nuts.extensions.core.DefaultNutsWorkspaceObjectFactory: Resolve interface net.vpc.app.nuts.NutsTerminal to prototype instance net.vpc.app.nuts.extensions.terminals.NutsJLineTerminal
Thu Feb 22 17:18:29 CET 2018 FINER net.vpc.app.nuts.extensions.core.DefaultNutsWorkspaceObjectFactory: Resolve class net.vpc.app.nuts.NutsPrintStream to prototype instance net.vpc.app.nuts.extensions.terminals.NutsAnsiUnixTermPrintStream
Thu Feb 22 17:18:29 CET 2018 FINER net.vpc.app.nuts.extensions.core.DefaultNutsWorkspaceObjectFactory: Resolve class net.vpc.app.nuts.NutsPrintStream to prototype instance net.vpc.app.nuts.extensions.terminals.DefaultNutsPrintStream
Thu Feb 22 17:18:29 CET 2018 FINER net.vpc.app.nuts.extensions.core.DefaultNutsWorkspaceObjectFactory: Resolve class net.vpc.app.nuts.NutsPrintStream to prototype instance net.vpc.app.nuts.extensions.terminals.NutsAnsiUnixTermPrintStream
Thu Feb 22 17:18:29 CET 2018 FINER net.vpc.app.nuts.extensions.core.DefaultNutsWorkspaceObjectFactory: Resolve class net.vpc.app.nuts.NutsPrintStream to prototype instance net.vpc.app.nuts.extensions.terminals.DefaultNutsPrintStream
Thu Feb 22 17:18:29 CET 2018 FINER net.vpc.app.nuts.extensions.core.DefaultNutsWorkspaceObjectFactory: Resolve interface net.vpc.app.nuts.NutsRepositoryFactoryComponent to singleton instance net.vpc.app.nuts.extensions.repos.DefaultNutsRepositoryFactoryComponent
Thu Feb 22 17:18:29 CET 2018 FINER net.vpc.app.nuts.extensions.core.DefaultNutsWorkspaceObjectFactory: Resolve interface net.vpc.app.nuts.NutsRepositoryFactoryComponent to singleton instance net.vpc.app.nuts.extensions.repos.DefaultNutsRemoteRepositoryFactoryComponent
Thu Feb 22 17:18:29 CET 2018 FINER net.vpc.app.nuts.extensions.core.DefaultNutsWorkspaceObjectFactory: Resolve interface net.vpc.app.nuts.NutsRepositoryFactoryComponent to singleton instance net.vpc.app.nuts.bridges.maven.MavenNutsRepositoryFactoryComponent
Thu Feb 22 17:18:36 CET 2018 FINE net.vpc.app.nuts.DefaultNutsBootWorkspace: Bootstrap loaded in 1682ms
